<?xml version="1.0" encoding="utf-8"?><testsuites><testsuite name="pytest" errors="0" failures="0" skipped="0" tests="5" time="0.704" timestamp="2024-05-21T15:38:12.872108" hostname="DESKTOP-KU8TSUC"><testcase classname="tests.test_bytebank.TestClass" name="test_quando_idade_receber_13_03_2000_deve_retornar_22" time="0.012" /><testcase classname="tests.test_bytebank.TestClass" name="test_quando_sobrenome_receber_Lucas_Carvalho_deve_retornar_Carvalho" time="0.002" /><testcase classname="tests.test_bytebank.TestClass" name="test_quando_decrescimo_salario_receber_100000_deve_retornar_90000" time="0.003" /><testcase classname="tests.test_bytebank.TestClass" name="test_quando_calcular_bonus_receber_1000_deve_100" time="0.006" /><testcase classname="tests.test_bytebank.TestClass" name="test_quando_calcular_bonus_receber_100000000_deve_retornar_exception" time="0.029" /></testsuite></testsuites>